<?xml version="1.0" encoding="UTF-8"?>
<!-- Generated by org.testng.reporters.JUnitReportReporter -->
<testsuite hostname="DESKTOP-HV3QNM0" failures="0" tests="2" name="TestRunner.TestRunner" time="65.202" errors="1" timestamp="29 Oct 2023 06:11:11 GMT" skipped="0">
  <testcase classname="TestRunner.TestRunner" name="tearDownClass" time="3.285">
    <error message="java.net.UnknownHostException: cucumber-messages-app-s3bucket-61aropwgu4ox.s3.eu-west-3.amazonaws.com" type="java.lang.RuntimeException">
      <![CDATA[java.lang.RuntimeException: java.net.UnknownHostException: cucumber-messages-app-s3bucket-61aropwgu4ox.s3.eu-west-3.amazonaws.comat io.cucumber.core.plugin.MessageFormatter.writeMessage(MessageFormatter.java:36)at io.cucumber.core.eventbus.AbstractEventPublisher.send(AbstractEventPublisher.java:51)at io.cucumber.core.eventbus.AbstractEventBus.send(AbstractEventBus.java:12)at io.cucumber.core.runtime.CucumberExecutionContext.emitTestRunFinished(CucumberExecutionContext.java:102)at io.cucumber.core.runtime.CucumberExecutionContext.finishTestRun(CucumberExecutionContext.java:74)at io.cucumber.testng.TestNGCucumberRunner.finish(TestNGCucumberRunner.java:127)at io.cucumber.testng.AbstractTestNGCucumberTests.tearDownClass(AbstractTestNGCucumberTests.java:53)at java.base/jdk.internal.reflect.NativeMethodAccessorImpl.invoke0(Native Method)at java.base/jdk.internal.reflect.NativeMethodAccessorImpl.invoke(NativeMethodAccessorImpl.java:77)at java.base/jdk.internal.reflect.DelegatingMethodAccessorImpl.invoke(DelegatingMethodAccessorImpl.java:43)at java.base/java.lang.reflect.Method.invoke(Method.java:568)at org.testng.internal.MethodInvocationHelper.invokeMethod(MethodInvocationHelper.java:124)at org.testng.internal.MethodInvocationHelper.invokeMethodConsideringTimeout(MethodInvocationHelper.java:59)at org.testng.internal.Invoker.invokeConfigurationMethod(Invoker.java:451)at org.testng.internal.Invoker.invokeConfigurations(Invoker.java:222)at org.testng.internal.Invoker.invokeConfigurations(Invoker.java:142)at org.testng.internal.TestMethodWorker.invokeAfterClassMethods(TestMethodWorker.java:208)at org.testng.internal.TestMethodWorker.run(TestMethodWorker.java:111)at org.testng.TestRunner.privateRun(TestRunner.java:648)at org.testng.TestRunner.run(TestRunner.java:505)at org.testng.SuiteRunner.runTest(SuiteRunner.java:455)at org.testng.SuiteRunner.runSequentially(SuiteRunner.java:450)at org.testng.SuiteRunner.privateRun(SuiteRunner.java:415)at org.testng.SuiteRunner.run(SuiteRunner.java:364)at org.testng.SuiteRunnerWorker.runSuite(SuiteRunnerWorker.java:52)at org.testng.SuiteRunnerWorker.run(SuiteRunnerWorker.java:84)at org.testng.TestNG.runSuitesSequentially(TestNG.java:1187)at org.testng.TestNG.runSuitesLocally(TestNG.java:1116)at org.testng.TestNG.runSuites(TestNG.java:1028)at org.testng.TestNG.run(TestNG.java:996)at org.testng.remote.AbstractRemoteTestNG.run(AbstractRemoteTestNG.java:115)at org.testng.remote.RemoteTestNG.initAndRun(RemoteTestNG.java:251)at org.testng.remote.RemoteTestNG.main(RemoteTestNG.java:77)Caused by: java.net.UnknownHostException: cucumber-messages-app-s3bucket-61aropwgu4ox.s3.eu-west-3.amazonaws.comat java.base/sun.nio.ch.NioSocketImpl.connect(NioSocketImpl.java:567)at java.base/java.net.SocksSocketImpl.connect(SocksSocketImpl.java:327)at java.base/java.net.Socket.connect(Socket.java:633)at java.base/sun.security.ssl.SSLSocketImpl.connect(SSLSocketImpl.java:304)at java.base/sun.security.ssl.BaseSSLSocketImpl.connect(BaseSSLSocketImpl.java:174)at java.base/sun.net.NetworkClient.doConnect(NetworkClient.java:183)at java.base/sun.net.www.http.HttpClient.openServer(HttpClient.java:531)at java.base/sun.net.www.http.HttpClient.openServer(HttpClient.java:636)at java.base/sun.net.www.protocol.https.HttpsClient.<init>(HttpsClient.java:266)at java.base/sun.net.www.protocol.https.HttpsClient.New(HttpsClient.java:380)at java.base/sun.net.www.protocol.https.AbstractDelegateHttpsURLConnection.getNewHttpClient(AbstractDelegateHttpsURLConnection.java:193)at java.base/sun.net.www.protocol.http.HttpURLConnection.plainConnect0(HttpURLConnection.java:1242)at java.base/sun.net.www.protocol.http.HttpURLConnection.plainConnect(HttpURLConnection.java:1128)at java.base/sun.net.www.protocol.https.AbstractDelegateHttpsURLConnection.connect(AbstractDelegateHttpsURLConnection.java:179)at java.base/sun.net.www.protocol.http.HttpURLConnection.getOutputStream0(HttpURLConnection.java:1430)at java.base/sun.net.www.protocol.http.HttpURLConnection.getOutputStream(HttpURLConnection.java:1401)at java.base/sun.net.www.protocol.https.HttpsURLConnectionImpl.getOutputStream(HttpsURLConnectionImpl.java:220)at io.cucumber.core.plugin.UrlOutputStream.sendRequest(UrlOutputStream.java:90)at io.cucumber.core.plugin.UrlOutputStream.sendRequest(UrlOutputStream.java:86)at io.cucumber.core.plugin.UrlOutputStream.close(UrlOutputStream.java:63)at java.base/sun.nio.cs.StreamEncoder.implClose(StreamEncoder.java:347)at java.base/sun.nio.cs.StreamEncoder.close(StreamEncoder.java:169)at java.base/java.io.OutputStreamWriter.close(OutputStreamWriter.java:252)at io.cucumber.core.plugin.MessageFormatter.writeMessage(MessageFormatter.java:33)... 32 more]]>
    </error>
  </testcase> <!-- tearDownClass -->
  <testcase classname="TestRunner.TestRunner" name="runScenario" time="61.917"/>
</testsuite> <!-- TestRunner.TestRunner -->
